[debug] > Exec(early(addDefaultCommands), None, None)
[debug] > Exec(addDefaultCommands, None, None)
[debug] > Exec(early(initialize), None, None)
[debug] > Exec(initialize, None, None)
[debug] > Exec(boot, None, None)
[debug] > Exec(writeSbtVersion, None, None)
[debug] > Exec(reload, None, None)
[debug] > Exec(sbtStashOnFailure, None, None)
[debug] > Exec(onFailure loadFailed, None, None)
[debug] > Exec(loadp, None, None)
[info] welcome to sbt 1.6.2 (GraalVM Community Java 17.0.1)
[debug] Load.defaultLoad until apply took 335.777042ms
[debug]           Load.loadUnit: plugins took 76.318041ms
[debug]           Load.loadUnit: defsScala took 0.196833ms
[debug] [Loading] Scanning directory /Users/dhirendrakashyap/Projects/web_crawler/project
[debug]             Load.loadUnit: mkEval took 4.685666ms
[debug] [Loading] Found non-root projects 
[debug] [Loading] Done in /Users/dhirendrakashyap/Projects/web_crawler/project, returning: ()
[debug] deducing auto plugins based on known facts Set(Atom(sbt.plugins.CorePlugin)) and clauses Clauses(Clause(Atom(sbt.plugins.JvmPlugin),Set(Atom(sbt.plugins.IvyPlugin)))
[debug] Clause(Atom(sbt.ScriptedPlugin),Set(Atom(sbt.plugins.JvmPlugin)))
[debug] Clause(Atom(sbt.plugins.SbtPlugin),Set(Atom(sbt.ScriptedPlugin)))
[debug] Clause(Atom(sbt.plugins.SemanticdbPlugin),Set(Atom(sbt.plugins.JvmPlugin)))
[debug] Clause(Atom(sbt.plugins.JUnitXmlReportPlugin),Set(Atom(sbt.plugins.JvmPlugin)))
[debug] Clause(Atom(sbt.plugins.MiniDependencyTreePlugin),Set(Atom(sbt.plugins.JvmPlugin)))
[debug] Clause(Atom(sbt.plugins.CorePlugin),Set(Atom(sbt.plugins.IvyPlugin)))
[debug] Clause(Atom(sbt.plugins.IvyPlugin),Set(Atom(sbt.plugins.JvmPlugin)))
[debug] Clause(Atom(sbt.plugins.JvmPlugin),Set(Atom(sbt.plugins.SemanticdbPlugin)))
[debug] Clause(Atom(sbt.plugins.JvmPlugin),Set(Atom(sbt.plugins.JUnitXmlReportPlugin)))
[debug] Clause(Atom(sbt.plugins.CorePlugin),Set(Atom(sbt.plugins.Giter8TemplatePlugin)))
[debug] Clause(Atom(sbt.plugins.JvmPlugin),Set(Atom(sbt.plugins.MiniDependencyTreePlugin))))
[debug]   :: deduced result: Matched(sbt.plugins.CorePlugin,sbt.plugins.Giter8TemplatePlugin,sbt.plugins.IvyPlugin,sbt.plugins.JvmPlugin,sbt.plugins.MiniDependencyTreePlugin,sbt.plugins.JUnitXmlReportPlugin,sbt.plugins.SemanticdbPlugin)
[debug] Plugins.deducer#function took 16.346541 ms
[info] loading settings for project web_crawler-build from plugins.sbt ...
[debug]               Load.resolveProject(web_crawler-build) took 33.61775ms
[debug]             Load.loadTransitive: finalizeProject(Project(id web_crawler-build, base: /Users/dhirendrakashyap/Projects/web_crawler/project, plugins: List(<none>))) took 61.458209ms
[debug] [Loading] Done in /Users/dhirendrakashyap/Projects/web_crawler/project, returning: (web_crawler-build)
[debug]           Load.loadUnit: loadedProjectsRaw took 120.695333ms
[debug]           Load.loadUnit: cleanEvalClasses took 0.773667ms
[debug]         Load.loadUnit(file:/Users/dhirendrakashyap/Projects/web_crawler/project/, ...) took 208.631833ms
[debug]       Load.apply: load took 1606.521875ms
[debug]       Load.apply: resolveProjects took 3.097625ms
[debug]       Load.apply: finalTransforms took 98.136708ms
[debug]       Load.apply: config.delegates took 5.419833ms
[debug]       Load.apply: Def.make(settings)... took 1008.320958ms
[debug]       Load.apply: structureIndex took 272.813333ms
[debug]       Load.apply: mkStreams took 0.9905ms
[info] loading project definition from /Users/dhirendrakashyap/Projects/web_crawler/project
[debug] Running task... Cancel: Signal, check cycles: false, forcegc: true
[debug]     Load.loadUnit: plugins took 4538.04425ms
[debug]     Load.loadUnit: defsScala took 0.004333ms
[debug] [Loading] Scanning directory /Users/dhirendrakashyap/Projects/web_crawler
[debug]       Load.loadUnit: mkEval took 0.931125ms
[debug] [Loading] Found root project root w/ remaining 
[debug] deducing auto plugins based on known facts Set(Atom(sbt.plugins.CorePlugin)) and clauses Clauses(Clause(Atom(sbt.plugins.JvmPlugin),Set(Atom(sbt.plugins.IvyPlugin)))
[debug] Clause(Atom(sbt.ScriptedPlugin),Set(Atom(sbt.plugins.JvmPlugin)))
[debug] Clause(Atom(sbt.plugins.SbtPlugin),Set(Atom(sbt.ScriptedPlugin)))
[debug] Clause(Atom(sbt.plugins.SemanticdbPlugin),Set(Atom(sbt.plugins.JvmPlugin)))
[debug] Clause(Atom(sbt.plugins.JUnitXmlReportPlugin),Set(Atom(sbt.plugins.JvmPlugin)))
[debug] Clause(Atom(sbt.plugins.MiniDependencyTreePlugin),Set(Atom(sbt.plugins.JvmPlugin)))
[debug] Clause(Atom(sbt.plugins.CorePlugin),Set(Atom(sbt.plugins.IvyPlugin)))
[debug] Clause(Atom(sbt.plugins.IvyPlugin),Set(Atom(sbt.plugins.JvmPlugin)))
[debug] Clause(Atom(sbt.plugins.JvmPlugin),Set(Atom(sbt.plugins.SemanticdbPlugin)))
[debug] Clause(Atom(sbt.plugins.JvmPlugin),Set(Atom(sbt.plugins.JUnitXmlReportPlugin)))
[debug] Clause(Atom(sbt.plugins.CorePlugin),Set(Atom(sbt.plugins.Giter8TemplatePlugin)))
[debug] Clause(Atom(sbt.plugins.JvmPlugin),Set(Atom(sbt.plugins.MiniDependencyTreePlugin))))
[debug]   :: deduced result: Matched(sbt.plugins.CorePlugin,sbt.plugins.Giter8TemplatePlugin,sbt.plugins.IvyPlugin,sbt.plugins.JvmPlugin,sbt.plugins.MiniDependencyTreePlugin,sbt.plugins.JUnitXmlReportPlugin,sbt.plugins.SemanticdbPlugin)
[debug] Plugins.deducer#function took 6.768917 ms
[info] loading settings for project root from build.sbt ...
[debug]         Load.resolveProject(root) took 11.45175ms
[debug]       Load.loadTransitive: finalizeProject(Project(id root, base: /Users/dhirendrakashyap/Projects/web_crawler, plugins: List(<none>))) took 22.969667ms
[debug] [Loading] Done in /Users/dhirendrakashyap/Projects/web_crawler, returning: (root)
[debug]     Load.loadUnit: loadedProjectsRaw took 6896.230958ms
[debug]     Load.loadUnit: cleanEvalClasses took 6.097041ms
[debug]   Load.loadUnit(file:/Users/dhirendrakashyap/Projects/web_crawler/, ...) took 11443.833583ms
[debug] Load.apply: load took 11457.824542ms
[debug] Load.apply: resolveProjects took 0.722708ms
[debug] Load.apply: finalTransforms took 33.517083ms
[debug] Load.apply: config.delegates took 2.98025ms
[debug] Load.apply: Def.make(settings)... took 359.795334ms
[debug] Load.apply: structureIndex took 55.875666ms
[debug] Load.apply: mkStreams took 0.002042ms
[info] set current project to web_crawler (in build file:/Users/dhirendrakashyap/Projects/web_crawler/)
[debug] > Exec(sbtPopOnFailure, None, None)
[debug] > Exec(resumeFromFailure, None, None)
[debug] > Exec(notifyUsersAboutShell, None, None)
[debug] > Exec(iflast shell, None, None)
[debug] > Exec(shell, None, None)
[info] sbt server started at local:///Users/dhirendrakashyap/.sbt/1.0/server/dbd5f1e100531749f693/sock
[debug] Writing bsp connection file
[info] started sbt server
